

Version:	3.12
CmdLine:	D:\Program Files\Logisim Fork\Logisim\Compiled\Logisim-ITA.exe --l4j-debug
WOW64:		yes
Working dir:	D:\Program Files\Logisim Fork\Logisim\Compiled\.
Java min ver:	1.007.000
Java max ver:	
64-bit search:	SOFTWARE\JavaSoft\Java Runtime Environment...
32-bit search:	SOFTWARE\JavaSoft\Java Runtime Environment...
Check:		SOFTWARE\JavaSoft\Java Runtime Environment\1.8
Check launcher:	C:\Program Files (x86)\Java\jre1.8.0_241\bin\javaw.exe (OK)
Match:		1.008.000
Check:		SOFTWARE\JavaSoft\Java Runtime Environment\1.8.0_241
Check launcher:	C:\Program Files (x86)\Java\jre1.8.0_241\bin\javaw.exe (OK)
Match:		1.008.000_241
64-bit search:	SOFTWARE\JavaSoft\Java Development Kit...
32-bit search:	SOFTWARE\JavaSoft\Java Development Kit...
64-bit search:	SOFTWARE\JavaSoft\JRE...
32-bit search:	SOFTWARE\JavaSoft\JRE...
64-bit search:	SOFTWARE\JavaSoft\JDK...
Check:		SOFTWARE\JavaSoft\JDK\14
Check launcher:	C:\Program Files\Java\jdk-14\bin\javaw.exe (OK)
Match:		1.014.000
Runtime used:	1.014.000 (64-bit)
Launcher:	C:\Program Files\Java\jdk-14\bin\javaw.exe
Launcher args:	-jar "D:\Program Files\Logisim Fork\Logisim\Compiled\Logisim-ITA.exe"
Args length:	69/32768 chars
Exit code:	0


Version:	3.12
CmdLine:	D:\Program Files\Logisim Fork\Logisim\Compiled\Logisim-ITA.exe --l4j-debug
WOW64:		yes
Working dir:	D:\Program Files\Logisim Fork\Logisim\Compiled\.
Java min ver:	1.007.000
Java max ver:	
64-bit search:	SOFTWARE\JavaSoft\Java Runtime Environment...
32-bit search:	SOFTWARE\JavaSoft\Java Runtime Environment...
Check:		SOFTWARE\JavaSoft\Java Runtime Environment\1.8
Check launcher:	C:\Program Files (x86)\Java\jre1.8.0_241\bin\javaw.exe (OK)
Match:		1.008.000
Check:		SOFTWARE\JavaSoft\Java Runtime Environment\1.8.0_241
Check launcher:	C:\Program Files (x86)\Java\jre1.8.0_241\bin\javaw.exe (OK)
Match:		1.008.000_241
64-bit search:	SOFTWARE\JavaSoft\Java Development Kit...
32-bit search:	SOFTWARE\JavaSoft\Java Development Kit...
64-bit search:	SOFTWARE\JavaSoft\JRE...
32-bit search:	SOFTWARE\JavaSoft\JRE...
64-bit search:	SOFTWARE\JavaSoft\JDK...
Check:		SOFTWARE\JavaSoft\JDK\14
Check launcher:	C:\Program Files\Java\jdk-14\bin\javaw.exe (OK)
Match:		1.014.000
Runtime used:	1.014.000 (64-bit)
Launcher:	C:\Program Files\Java\jdk-14\bin\javaw.exe
Launcher args:	-jar "D:\Program Files\Logisim Fork\Logisim\Compiled\Logisim-ITA.exe"
Args length:	69/32768 chars
Exit code:	0
